

Started GET "/" for 127.0.0.1 at 2012-02-03 12:58:11 -0800
Processing by HomeController#index as HTML
  Rendered home/index.html.erb within layouts/application (37.0ms)
Compiled home.css  (50ms)  (pid 6572)
Compiled application.css  (116ms)  (pid 6572)
Compiled jquery.js  (9ms)  (pid 6572)
Compiled jquery_ujs.js  (1ms)  (pid 6572)
Compiled home.js  (900ms)  (pid 6572)
Compiled application.js  (1181ms)  (pid 6572)
Completed 200 OK in 1671ms (Views: 1671.1ms | ActiveRecord: 0.0ms)


Started GET "/assets/application.css?body=1" for 127.0.0.1 at 2012-02-03 12:58:16 -0800
Served asset /application.css - 200 OK (4ms)


Started GET "/assets/home.css?body=1" for 127.0.0.1 at 2012-02-03 12:58:16 -0800
Served asset /home.css - 200 OK (3ms)


Started GET "/assets/jquery.js?body=1" for 127.0.0.1 at 2012-02-03 12:58:16 -0800
Served asset /jquery.js - 200 OK (7ms)


Started GET "/assets/jquery_ujs.js?body=1" for 127.0.0.1 at 2012-02-03 12:58:16 -0800
Served asset /jquery_ujs.js - 200 OK (3ms)


Started GET "/assets/home.js?body=1" for 127.0.0.1 at 2012-02-03 12:58:16 -0800
Served asset /home.js - 200 OK (3ms)


Started GET "/assets/application.js?body=1" for 127.0.0.1 at 2012-02-03 12:58:16 -0800
Served asset /application.js - 200 OK (7ms)


Started GET "/test" for 127.0.0.1 at 2012-02-03 12:58:35 -0800

ActionController::RoutingError (No route matches [GET] "/test"):
  actionpack (3.2.0) lib/action_dispatch/middleware/debug_exceptions.rb:21:in `call'
  actionpack (3.2.0) lib/action_dispatch/middleware/show_exceptions.rb:56:in `call'
  railties (3.2.0) lib/rails/rack/logger.rb:26:in `call_app'
  railties (3.2.0) lib/rails/rack/logger.rb:16:in `call'
  actionpack (3.2.0) lib/action_dispatch/middleware/request_id.rb:22:in `call'
  rack (1.4.1) lib/rack/methodoverride.rb:21:in `call'
  rack (1.4.1) lib/rack/runtime.rb:17:in `call'
  activesupport (3.2.0) lib/active_support/cache/strategy/local_cache.rb:72:in `call'
  rack (1.4.1) lib/rack/lock.rb:15:in `call'
  actionpack (3.2.0) lib/action_dispatch/middleware/static.rb:53:in `call'
  railties (3.2.0) lib/rails/engine.rb:479:in `call'
  railties (3.2.0) lib/rails/application.rb:220:in `call'
  rack (1.4.1) lib/rack/content_length.rb:14:in `call'
  railties (3.2.0) lib/rails/rack/log_tailer.rb:14:in `call'
  rack (1.4.1) lib/rack/handler/webrick.rb:59:in `service'
  c:/Ruby193/lib/ruby/1.9.1/webrick/httpserver.rb:138:in `service'
  c:/Ruby193/lib/ruby/1.9.1/webrick/httpserver.rb:94:in `run'
  c:/Ruby193/lib/ruby/1.9.1/webrick/server.rb:191:in `block in start_thread'


  Rendered c:/Ruby193/lib/ruby/gems/1.9.1/gems/actionpack-3.2.0/lib/action_dispatch/middleware/templates/rescues/routing_error.erb within rescues/layout (0.0ms)
